  background.cpp
  block.cpp
  bomb.cpp
  breakable_wall.cpp
D:\Bomberman_fixed\Bomberman\bomb.cpp(49,68): error C2065: 'currentTime': undeclared identifier
  end_game_screen.cpp
  explosion.cpp
D:\Bomberman_fixed\Bomberman\explosion.cpp(52,35): error C2440: 'initializing': cannot convert from 'void' to 'sf::Sprite'
      D:\Bomberman_fixed\Bomberman\explosion.cpp(52,35):
      Expressions of type void cannot be converted to other types
  
  game.cpp
D:\Bomberman_fixed\Bomberman\game.cpp(19,54): warning C4244: 'argument': conversion from 'T' to 'unsigned int', possible loss of data
D:\Bomberman_fixed\Bomberman\game.cpp(19,54): warning C4244:         with
D:\Bomberman_fixed\Bomberman\game.cpp(19,54): warning C4244:         [
D:\Bomberman_fixed\Bomberman\game.cpp(19,54): warning C4244:             T=float
D:\Bomberman_fixed\Bomberman\game.cpp(19,54): warning C4244:         ]
D:\Bomberman_fixed\Bomberman\game.cpp(19,40): warning C4244: 'argument': conversion from 'T' to 'unsigned int', possible loss of data
D:\Bomberman_fixed\Bomberman\game.cpp(19,40): warning C4244:         with
D:\Bomberman_fixed\Bomberman\game.cpp(19,40): warning C4244:         [
D:\Bomberman_fixed\Bomberman\game.cpp(19,40): warning C4244:             T=float
D:\Bomberman_fixed\Bomberman\game.cpp(19,40): warning C4244:         ]
D:\Bomberman_fixed\Bomberman\game.cpp(57,52): warning C4806: '==': unsafe operation: no value of type 'bool' promoted to type 'sf::SoundSource::Status' can equal the given constant
D:\Bomberman_fixed\Bomberman\game.cpp(188,13): error C3861: 'handleEvent': identifier not found
D:\Bomberman_fixed\Bomberman\game.cpp(195,17): error C3861: 'placeBomb': identifier not found
D:\Bomberman_fixed\Bomberman\game.cpp(198,17): error C3861: 'handleBombs': identifier not found
D:\Bomberman_fixed\Bomberman\game.cpp(201,17): error C3861: 'handlePlayerDeath': identifier not found
  graphic_object.cpp
  main.cpp
  map.cpp
D:\Bomberman_fixed\Bomberman\map.cpp(48,60): warning C4244: 'argument': conversion from 'int' to 'T', possible loss of data
D:\Bomberman_fixed\Bomberman\map.cpp(48,60): warning C4244:         with
D:\Bomberman_fixed\Bomberman\map.cpp(48,60): warning C4244:         [
D:\Bomberman_fixed\Bomberman\map.cpp(48,60): warning C4244:             T=float
D:\Bomberman_fixed\Bomberman\map.cpp(48,60): warning C4244:         ]
D:\Bomberman_fixed\Bomberman\map.cpp(48,46): warning C4244: 'argument': conversion from 'int' to 'T', possible loss of data
D:\Bomberman_fixed\Bomberman\map.cpp(48,46): warning C4244:         with
D:\Bomberman_fixed\Bomberman\map.cpp(48,46): warning C4244:         [
D:\Bomberman_fixed\Bomberman\map.cpp(48,46): warning C4244:             T=float
D:\Bomberman_fixed\Bomberman\map.cpp(48,46): warning C4244:         ]
D:\Bomberman_fixed\Bomberman\map.cpp(58,60): warning C4244: 'argument': conversion from 'int' to 'T', possible loss of data
D:\Bomberman_fixed\Bomberman\map.cpp(58,60): warning C4244:         with
D:\Bomberman_fixed\Bomberman\map.cpp(58,60): warning C4244:         [
D:\Bomberman_fixed\Bomberman\map.cpp(58,60): warning C4244:             T=float
D:\Bomberman_fixed\Bomberman\map.cpp(58,60): warning C4244:         ]
D:\Bomberman_fixed\Bomberman\map.cpp(58,46): warning C4244: 'argument': conversion from 'int' to 'T', possible loss of data
D:\Bomberman_fixed\Bomberman\map.cpp(58,46): warning C4244:         with
D:\Bomberman_fixed\Bomberman\map.cpp(58,46): warning C4244:         [
D:\Bomberman_fixed\Bomberman\map.cpp(58,46): warning C4244:             T=float
D:\Bomberman_fixed\Bomberman\map.cpp(58,46): warning C4244:         ]
D:\Bomberman_fixed\Bomberman\map.cpp(72,61): warning C4244: 'argument': conversion from 'int' to 'T', possible loss of data
D:\Bomberman_fixed\Bomberman\map.cpp(72,61): warning C4244:         with
D:\Bomberman_fixed\Bomberman\map.cpp(72,61): warning C4244:         [
D:\Bomberman_fixed\Bomberman\map.cpp(72,61): warning C4244:             T=float
D:\Bomberman_fixed\Bomberman\map.cpp(72,61): warning C4244:         ]
D:\Bomberman_fixed\Bomberman\map.cpp(72,47): warning C4244: 'argument': conversion from 'int' to 'T', possible loss of data
D:\Bomberman_fixed\Bomberman\map.cpp(72,47): warning C4244:         with
D:\Bomberman_fixed\Bomberman\map.cpp(72,47): warning C4244:         [
D:\Bomberman_fixed\Bomberman\map.cpp(72,47): warning C4244:             T=float
D:\Bomberman_fixed\Bomberman\map.cpp(72,47): warning C4244:         ]
D:\Bomberman_fixed\Bomberman\map.cpp(81,61): warning C4244: 'argument': conversion from 'int' to 'T', possible loss of data
D:\Bomberman_fixed\Bomberman\map.cpp(81,61): warning C4244:         with
D:\Bomberman_fixed\Bomberman\map.cpp(81,61): warning C4244:         [
D:\Bomberman_fixed\Bomberman\map.cpp(81,61): warning C4244:             T=float
D:\Bomberman_fixed\Bomberman\map.cpp(81,61): warning C4244:         ]
D:\Bomberman_fixed\Bomberman\map.cpp(81,47): warning C4244: 'argument': conversion from 'int' to 'T', possible loss of data
D:\Bomberman_fixed\Bomberman\map.cpp(81,47): warning C4244:         with
D:\Bomberman_fixed\Bomberman\map.cpp(81,47): warning C4244:         [
D:\Bomberman_fixed\Bomberman\map.cpp(81,47): warning C4244:             T=float
D:\Bomberman_fixed\Bomberman\map.cpp(81,47): warning C4244:         ]
D:\Bomberman_fixed\Bomberman\map.cpp(91,60): warning C4244: 'argument': conversion from 'int' to 'T', possible loss of data
D:\Bomberman_fixed\Bomberman\map.cpp(91,60): warning C4244:         with
D:\Bomberman_fixed\Bomberman\map.cpp(91,60): warning C4244:         [
D:\Bomberman_fixed\Bomberman\map.cpp(91,60): warning C4244:             T=float
D:\Bomberman_fixed\Bomberman\map.cpp(91,60): warning C4244:         ]
D:\Bomberman_fixed\Bomberman\map.cpp(91,46): warning C4244: 'argument': conversion from 'int' to 'T', possible loss of data
D:\Bomberman_fixed\Bomberman\map.cpp(91,46): warning C4244:         with
D:\Bomberman_fixed\Bomberman\map.cpp(91,46): warning C4244:         [
D:\Bomberman_fixed\Bomberman\map.cpp(91,46): warning C4244:             T=float
D:\Bomberman_fixed\Bomberman\map.cpp(91,46): warning C4244:         ]
D:\Bomberman_fixed\Bomberman\map.cpp(100,60): warning C4244: 'argument': conversion from 'int' to 'T', possible loss of data
D:\Bomberman_fixed\Bomberman\map.cpp(100,60): warning C4244:         with
D:\Bomberman_fixed\Bomberman\map.cpp(100,60): warning C4244:         [
D:\Bomberman_fixed\Bomberman\map.cpp(100,60): warning C4244:             T=float
D:\Bomberman_fixed\Bomberman\map.cpp(100,60): warning C4244:         ]
D:\Bomberman_fixed\Bomberman\map.cpp(100,46): warning C4244: 'argument': conversion from 'int' to 'T', possible loss of data
D:\Bomberman_fixed\Bomberman\map.cpp(100,46): warning C4244:         with
D:\Bomberman_fixed\Bomberman\map.cpp(100,46): warning C4244:         [
D:\Bomberman_fixed\Bomberman\map.cpp(100,46): warning C4244:             T=float
D:\Bomberman_fixed\Bomberman\map.cpp(100,46): warning C4244:         ]
D:\Bomberman_fixed\Bomberman\map.cpp(122,60): warning C4244: 'argument': conversion from 'int' to 'T', possible loss of data
D:\Bomberman_fixed\Bomberman\map.cpp(122,60): warning C4244:         with
D:\Bomberman_fixed\Bomberman\map.cpp(122,60): warning C4244:         [
D:\Bomberman_fixed\Bomberman\map.cpp(122,60): warning C4244:             T=float
D:\Bomberman_fixed\Bomberman\map.cpp(122,60): warning C4244:         ]
D:\Bomberman_fixed\Bomberman\map.cpp(122,46): warning C4244: 'argument': conversion from 'int' to 'T', possible loss of data
D:\Bomberman_fixed\Bomberman\map.cpp(122,46): warning C4244:         with
D:\Bomberman_fixed\Bomberman\map.cpp(122,46): warning C4244:         [
D:\Bomberman_fixed\Bomberman\map.cpp(122,46): warning C4244:             T=float
D:\Bomberman_fixed\Bomberman\map.cpp(122,46): warning C4244:         ]
D:\Bomberman_fixed\Bomberman\map.cpp(132,71): warning C4244: 'argument': conversion from 'int' to 'T', possible loss of data
D:\Bomberman_fixed\Bomberman\map.cpp(132,71): warning C4244:         with
D:\Bomberman_fixed\Bomberman\map.cpp(132,71): warning C4244:         [
D:\Bomberman_fixed\Bomberman\map.cpp(132,71): warning C4244:             T=float
D:\Bomberman_fixed\Bomberman\map.cpp(132,71): warning C4244:         ]
D:\Bomberman_fixed\Bomberman\map.cpp(132,51): warning C4244: 'argument': conversion from 'int' to 'T', possible loss of data
D:\Bomberman_fixed\Bomberman\map.cpp(132,51): warning C4244:         with
D:\Bomberman_fixed\Bomberman\map.cpp(132,51): warning C4244:         [
D:\Bomberman_fixed\Bomberman\map.cpp(132,51): warning C4244:             T=float
D:\Bomberman_fixed\Bomberman\map.cpp(132,51): warning C4244:         ]
D:\Bomberman_fixed\Bomberman\map.cpp(142,71): warning C4244: 'argument': conversion from 'int' to 'T', possible loss of data
D:\Bomberman_fixed\Bomberman\map.cpp(142,71): warning C4244:         with
D:\Bomberman_fixed\Bomberman\map.cpp(142,71): warning C4244:         [
D:\Bomberman_fixed\Bomberman\map.cpp(142,71): warning C4244:             T=float
D:\Bomberman_fixed\Bomberman\map.cpp(142,71): warning C4244:         ]
D:\Bomberman_fixed\Bomberman\map.cpp(142,51): warning C4244: 'argument': conversion from 'int' to 'T', possible loss of data
D:\Bomberman_fixed\Bomberman\map.cpp(142,51): warning C4244:         with
D:\Bomberman_fixed\Bomberman\map.cpp(142,51): warning C4244:         [
D:\Bomberman_fixed\Bomberman\map.cpp(142,51): warning C4244:             T=float
D:\Bomberman_fixed\Bomberman\map.cpp(142,51): warning C4244:         ]
D:\Bomberman_fixed\Bomberman\map.cpp(152,71): warning C4244: 'argument': conversion from 'int' to 'T', possible loss of data
D:\Bomberman_fixed\Bomberman\map.cpp(152,71): warning C4244:         with
D:\Bomberman_fixed\Bomberman\map.cpp(152,71): warning C4244:         [
D:\Bomberman_fixed\Bomberman\map.cpp(152,71): warning C4244:             T=float
D:\Bomberman_fixed\Bomberman\map.cpp(152,71): warning C4244:         ]
D:\Bomberman_fixed\Bomberman\map.cpp(152,57): warning C4244: 'argument': conversion from 'int' to 'T', possible loss of data
D:\Bomberman_fixed\Bomberman\map.cpp(152,57): warning C4244:         with
D:\Bomberman_fixed\Bomberman\map.cpp(152,57): warning C4244:         [
D:\Bomberman_fixed\Bomberman\map.cpp(152,57): warning C4244:             T=float
D:\Bomberman_fixed\Bomberman\map.cpp(152,57): warning C4244:         ]
D:\Bomberman_fixed\Bomberman\map.cpp(162,71): warning C4244: 'argument': conversion from 'int' to 'T', possible loss of data
D:\Bomberman_fixed\Bomberman\map.cpp(162,71): warning C4244:         with
D:\Bomberman_fixed\Bomberman\map.cpp(162,71): warning C4244:         [
D:\Bomberman_fixed\Bomberman\map.cpp(162,71): warning C4244:             T=float
D:\Bomberman_fixed\Bomberman\map.cpp(162,71): warning C4244:         ]
D:\Bomberman_fixed\Bomberman\map.cpp(162,57): warning C4244: 'argument': conversion from 'int' to 'T', possible loss of data
D:\Bomberman_fixed\Bomberman\map.cpp(162,57): warning C4244:         with
D:\Bomberman_fixed\Bomberman\map.cpp(162,57): warning C4244:         [
D:\Bomberman_fixed\Bomberman\map.cpp(162,57): warning C4244:             T=float
D:\Bomberman_fixed\Bomberman\map.cpp(162,57): warning C4244:         ]
D:\Bomberman_fixed\Bomberman\map.cpp(174,60): warning C4244: 'argument': conversion from 'int' to 'T', possible loss of data
D:\Bomberman_fixed\Bomberman\map.cpp(174,60): warning C4244:         with
D:\Bomberman_fixed\Bomberman\map.cpp(174,60): warning C4244:         [
D:\Bomberman_fixed\Bomberman\map.cpp(174,60): warning C4244:             T=float
D:\Bomberman_fixed\Bomberman\map.cpp(174,60): warning C4244:         ]
D:\Bomberman_fixed\Bomberman\map.cpp(174,46): warning C4244: 'argument': conversion from 'int' to 'T', possible loss of data
D:\Bomberman_fixed\Bomberman\map.cpp(174,46): warning C4244:         with
D:\Bomberman_fixed\Bomberman\map.cpp(174,46): warning C4244:         [
D:\Bomberman_fixed\Bomberman\map.cpp(174,46): warning C4244:             T=float
D:\Bomberman_fixed\Bomberman\map.cpp(174,46): warning C4244:         ]
  player.cpp
D:\Bomberman_fixed\Bomberman\player.cpp(54,47): warning C4244: '=': conversion from 'int' to 'T', possible loss of data
D:\Bomberman_fixed\Bomberman\player.cpp(54,47): warning C4244:         with
D:\Bomberman_fixed\Bomberman\player.cpp(54,47): warning C4244:         [
D:\Bomberman_fixed\Bomberman\player.cpp(54,47): warning C4244:             T=float
D:\Bomberman_fixed\Bomberman\player.cpp(54,47): warning C4244:         ]
D:\Bomberman_fixed\Bomberman\player.cpp(55,47): warning C4244: '=': conversion from 'int' to 'T', possible loss of data
D:\Bomberman_fixed\Bomberman\player.cpp(55,47): warning C4244:         with
D:\Bomberman_fixed\Bomberman\player.cpp(55,47): warning C4244:         [
D:\Bomberman_fixed\Bomberman\player.cpp(55,47): warning C4244:             T=float
D:\Bomberman_fixed\Bomberman\player.cpp(55,47): warning C4244:         ]
D:\Bomberman_fixed\Bomberman\player.cpp(92,47): warning C4244: '=': conversion from 'int' to 'T', possible loss of data
D:\Bomberman_fixed\Bomberman\player.cpp(92,47): warning C4244:         with
D:\Bomberman_fixed\Bomberman\player.cpp(92,47): warning C4244:         [
D:\Bomberman_fixed\Bomberman\player.cpp(92,47): warning C4244:             T=float
D:\Bomberman_fixed\Bomberman\player.cpp(92,47): warning C4244:         ]
D:\Bomberman_fixed\Bomberman\player.cpp(93,47): warning C4244: '=': conversion from 'int' to 'T', possible loss of data
D:\Bomberman_fixed\Bomberman\player.cpp(93,47): warning C4244:         with
D:\Bomberman_fixed\Bomberman\player.cpp(93,47): warning C4244:         [
D:\Bomberman_fixed\Bomberman\player.cpp(93,47): warning C4244:             T=float
D:\Bomberman_fixed\Bomberman\player.cpp(93,47): warning C4244:         ]
  solid_wall.cpp
  wall.cpp
  Generating Code...
